app/build/intermediates/manifest_merge_blame_file/debug/manifest-merger-blame-debug-report.txt
1<?xml version="1.0" encoding="utf-8"?>
2<manifest xmlns:android="http://schemas.android.com/apk/res/android"
3    package="com.example.uia"
4    android:versionCode="1"
5    android:versionName="1.0" >
6
7    <uses-sdk
8        android:minSdkVersion="19"
8-->src\main\AndroidManifest.xml
9        android:targetSdkVersion="29" />
9-->src\main\AndroidManifest.xml
10
11    <uses-permission android:name="android.permission.ACCESS_NETWORK_STATE" />
11-->src\main\AndroidManifest.xml:5:5-78
11-->src\main\AndroidManifest.xml:5:22-76
12    <uses-permission android:name="android.permission.INTERNET" />
12-->src\main\AndroidManifest.xml:6:5-66
12-->src\main\AndroidManifest.xml:6:22-64
13
14    <application
14-->src\main\AndroidManifest.xml:8:5-76:19
15        android:allowBackup="true"
15-->src\main\AndroidManifest.xml:9:13-39
16        android:appComponentFactory="androidx.core.app.CoreComponentFactory"
16-->[androidx.core:core:1.1.0] AndroidManifest.xml:24:18-86
17        android:debuggable="true"
18        android:icon="@mipmap/logo"
18-->src\main\AndroidManifest.xml:10:13-40
19        android:label="@string/app_name"
19-->src\main\AndroidManifest.xml:11:13-45
20        android:roundIcon="@mipmap/logo"
20-->src\main\AndroidManifest.xml:12:13-45
21        android:supportsRtl="true"
21-->src\main\AndroidManifest.xml:13:13-39
22        android:testOnly="true"
23        android:theme="@style/Theme.AppCompat.NoActionBar"
23-->src\main\AndroidManifest.xml:14:13-63
24        android:usesCleartextTraffic="true" >
24-->src\main\AndroidManifest.xml:15:13-48
25        <uses-library
25-->src\main\AndroidManifest.xml:16:9-18:43
26            android:name="org.apache.http.legacy"
26-->src\main\AndroidManifest.xml:17:17-54
27            android:required="false" />
27-->src\main\AndroidManifest.xml:18:17-41
28
29        <activity android:name="com.example.uia.AddActivity" >
29-->src\main\AndroidManifest.xml:19:9-20:20
29-->src\main\AndroidManifest.xml:19:19-46
30        </activity>
31        <activity android:name="com.example.uia.InsertActivity" >
31-->src\main\AndroidManifest.xml:21:9-22:20
31-->src\main\AndroidManifest.xml:21:19-49
32        </activity>
33        <activity android:name="com.example.uia.StorageActivity" >
33-->src\main\AndroidManifest.xml:23:9-24:20
33-->src\main\AndroidManifest.xml:23:19-50
34        </activity>
35        <activity android:name="com.example.uia.CustomIndexActivity" >
35-->src\main\AndroidManifest.xml:25:9-26:20
35-->src\main\AndroidManifest.xml:25:19-54
36        </activity>
37        <activity
37-->src\main\AndroidManifest.xml:27:9-30:20
38            android:name="com.example.uia.HobbyActivity"
38-->src\main\AndroidManifest.xml:28:17-46
39            android:screenOrientation="portrait" >
39-->src\main\AndroidManifest.xml:29:17-53
40        </activity>
41        <activity
41-->src\main\AndroidManifest.xml:31:9-34:20
42            android:name="com.example.uia.DiscussActivity"
42-->src\main\AndroidManifest.xml:32:17-48
43            android:screenOrientation="portrait" >
43-->src\main\AndroidManifest.xml:33:17-53
44        </activity>
45        <activity
45-->src\main\AndroidManifest.xml:35:9-38:20
46            android:name="com.example.uia.NeedActivity"
46-->src\main\AndroidManifest.xml:36:17-45
47            android:screenOrientation="portrait" >
47-->src\main\AndroidManifest.xml:37:17-53
48        </activity>
49        <activity
49-->src\main\AndroidManifest.xml:39:9-42:20
50            android:name="com.example.uia.FeelingsActivity"
50-->src\main\AndroidManifest.xml:40:17-49
51            android:screenOrientation="portrait" >
51-->src\main\AndroidManifest.xml:41:17-53
52        </activity>
53        <activity
53-->src\main\AndroidManifest.xml:43:9-46:20
54            android:name="com.example.uia.DrinkActivity"
54-->src\main\AndroidManifest.xml:44:17-46
55            android:screenOrientation="portrait" >
55-->src\main\AndroidManifest.xml:45:17-53
56        </activity>
57        <activity
57-->src\main\AndroidManifest.xml:47:9-50:20
58            android:name="com.example.uia.PhrasesActivity"
58-->src\main\AndroidManifest.xml:48:17-48
59            android:screenOrientation="portrait" >
59-->src\main\AndroidManifest.xml:49:17-53
60        </activity>
61        <activity
61-->src\main\AndroidManifest.xml:51:9-54:20
62            android:name="com.example.uia.SnackActivity"
62-->src\main\AndroidManifest.xml:52:17-46
63            android:screenOrientation="portrait" >
63-->src\main\AndroidManifest.xml:53:17-53
64        </activity>
65        <activity
65-->src\main\AndroidManifest.xml:55:9-58:20
66            android:name="com.example.uia.FoodActivity"
66-->src\main\AndroidManifest.xml:56:17-45
67            android:screenOrientation="portrait" >
67-->src\main\AndroidManifest.xml:57:17-53
68        </activity>
69        <activity
69-->src\main\AndroidManifest.xml:59:9-62:20
70            android:name="com.example.uia.NecessitiesActivity"
70-->src\main\AndroidManifest.xml:60:17-52
71            android:screenOrientation="portrait" >
71-->src\main\AndroidManifest.xml:61:17-53
72        </activity>
73        <activity
73-->src\main\AndroidManifest.xml:63:9-66:20
74            android:name="com.example.uia.DummyGenerated"
74-->src\main\AndroidManifest.xml:64:17-47
75            android:screenOrientation="portrait" >
75-->src\main\AndroidManifest.xml:65:17-53
76        </activity>
77        <activity
77-->src\main\AndroidManifest.xml:67:9-75:20
78            android:name="com.example.uia.MainActivity"
78-->src\main\AndroidManifest.xml:68:17-45
79            android:screenOrientation="portrait" >
79-->src\main\AndroidManifest.xml:69:17-53
80            <intent-filter>
80-->src\main\AndroidManifest.xml:70:13-74:29
81                <action android:name="android.intent.action.MAIN" />
81-->src\main\AndroidManifest.xml:71:17-68
81-->src\main\AndroidManifest.xml:71:25-66
82
83                <category android:name="android.intent.category.LAUNCHER" />
83-->src\main\AndroidManifest.xml:73:17-76
83-->src\main\AndroidManifest.xml:73:27-74
84            </intent-filter>
85        </activity>
86    </application>
87
88</manifest>